<?xml version="1.0" encoding="UTF-8"?>
<testsuite name="com.my.playground.demo.MongoMock" tests="2" skipped="0" failures="0" errors="0" timestamp="2017-06-18T17:17:11" hostname="Drews-MBP" time="0.027">
  <properties/>
  <testcase name="foundTwoSmiths" classname="com.my.playground.demo.MongoMock" time="0.023"/>
  <testcase name="firstNameIsAliceMock" classname="com.my.playground.demo.MongoMock" time="0.003"/>
  <system-out><![CDATA[13:17:09.581 [cluster-ClusterId{value='5946b595c508ac5cd1ca04d2', description='null'}-localhost:27017] INFO org.mongodb.driver.connection - Opened connection [connectionId{localValue:1, serverValue:35}] to localhost:27017
13:17:09.582 [cluster-ClusterId{value='5946b595c508ac5cd1ca04d2', description='null'}-localhost:27017] DEBUG org.mongodb.driver.cluster - Checking status of localhost:27017
13:17:09.584 [cluster-ClusterId{value='5946b595c508ac5cd1ca04d2', description='null'}-localhost:27017] INFO org.mongodb.driver.cluster - Monitor thread successfully connected to server with description ServerDescription{address=localhost:27017, type=STANDALONE, state=CONNECTED, ok=true, version=ServerVersion{versionList=[3, 4, 4]}, minWireVersion=0, maxWireVersion=5, maxDocumentSize=16777216, roundTripTimeNanos=639063}
13:17:09.586 [cluster-ClusterId{value='5946b595c508ac5cd1ca04d2', description='null'}-localhost:27017] DEBUG org.mongodb.driver.cluster - Updating cluster description to  {type=STANDALONE, servers=[{address=localhost:27017, type=STANDALONE, roundTripTime=0.6 ms, state=CONNECTED}]
13:17:09.636 [Test worker] DEBUG org.springframework.test.context.junit4.SpringJUnit4ClassRunner - SpringJUnit4ClassRunner constructor called with [class com.my.playground.demo.MongoMock]
13:17:09.638 [Test worker] DEBUG org.springframework.test.context.BootstrapUtils - Instantiating CacheAwareContextLoaderDelegate from class [org.springframework.test.context.cache.DefaultCacheAwareContextLoaderDelegate]
13:17:09.645 [Test worker] DEBUG org.springframework.test.context.BootstrapUtils - Instantiating BootstrapContext using constructor [public org.springframework.test.context.support.DefaultBootstrapContext(java.lang.Class,org.springframework.test.context.CacheAwareContextLoaderDelegate)]
13:17:09.664 [Test worker] DEBUG org.springframework.test.context.BootstrapUtils - Instantiating TestContextBootstrapper for test class [com.my.playground.demo.MongoMock] from class [org.springframework.boot.test.context.SpringBootTestContextBootstrapper]
13:17:09.674 [Test worker] INFO org.springframework.boot.test.context.SpringBootTestContextBootstrapper - Neither @ContextConfiguration nor @ContextHierarchy found for test class [com.my.playground.demo.MongoMock], using SpringBootContextLoader
13:17:09.679 [Test worker] DEBUG org.springframework.test.context.support.AbstractContextLoader - Did not detect default resource location for test class [com.my.playground.demo.MongoMock]: class path resource [com/my/playground/demo/MongoMock-context.xml] does not exist
13:17:09.679 [Test worker] DEBUG org.springframework.test.context.support.AbstractContextLoader - Did not detect default resource location for test class [com.my.playground.demo.MongoMock]: class path resource [com/my/playground/demo/MongoMockContext.groovy] does not exist
13:17:09.680 [Test worker] INFO org.springframework.test.context.support.AbstractContextLoader - Could not detect default resource locations for test class [com.my.playground.demo.MongoMock]: no resource found for suffixes {-context.xml, Context.groovy}.
13:17:09.681 [Test worker] INFO org.springframework.test.context.support.AnnotationConfigContextLoaderUtils - Could not detect default configuration classes for test class [com.my.playground.demo.MongoMock]: MongoMock does not declare any static, non-private, non-final, nested classes annotated with @Configuration.
13:17:09.712 [Test worker] DEBUG org.springframework.test.context.support.ActiveProfilesUtils - Could not find an 'annotation declaring class' for annotation type [org.springframework.test.context.ActiveProfiles] and class [com.my.playground.demo.MongoMock]
13:17:09.719 [Test worker] DEBUG org.springframework.core.env.StandardEnvironment - Adding [systemProperties] PropertySource with lowest search precedence
13:17:09.719 [Test worker] DEBUG org.springframework.core.env.StandardEnvironment - Adding [systemEnvironment] PropertySource with lowest search precedence
13:17:09.720 [Test worker] DEBUG org.springframework.core.env.StandardEnvironment - Initialized StandardEnvironment with PropertySources [systemProperties,systemEnvironment]
13:17:09.729 [Test worker] DEBUG org.springframework.core.io.support.PathMatchingResourcePatternResolver - Resolved classpath location [com/my/playground/demo/] to resources [URL [file:/Users/akaminsk/pcf/playground/demo/build/classes/test/com/my/playground/demo/], URL [file:/Users/akaminsk/pcf/playground/demo/build/classes/main/com/my/playground/demo/]]
13:17:09.729 [Test worker] DEBUG org.springframework.core.io.support.PathMatchingResourcePatternResolver - Looking for matching resources in directory tree [/Users/akaminsk/pcf/playground/demo/build/classes/test/com/my/playground/demo]
13:17:09.730 [Test worker] DEBUG org.springframework.core.io.support.PathMatchingResourcePatternResolver - Searching directory [/Users/akaminsk/pcf/playground/demo/build/classes/test/com/my/playground/demo] for files matching pattern [/Users/akaminsk/pcf/playground/demo/build/classes/test/com/my/playground/demo/*.class]
13:17:09.733 [Test worker] DEBUG org.springframework.core.io.support.PathMatchingResourcePatternResolver - Looking for matching resources in directory tree [/Users/akaminsk/pcf/playground/demo/build/classes/main/com/my/playground/demo]
13:17:09.734 [Test worker] DEBUG org.springframework.core.io.support.PathMatchingResourcePatternResolver - Searching directory [/Users/akaminsk/pcf/playground/demo/build/classes/main/com/my/playground/demo] for files matching pattern [/Users/akaminsk/pcf/playground/demo/build/classes/main/com/my/playground/demo/*.class]
13:17:09.735 [Test worker] DEBUG org.springframework.core.io.support.PathMatchingResourcePatternResolver - Resolved location pattern [classpath*:com/my/playground/demo/*.class] to resources [file [/Users/akaminsk/pcf/playground/demo/build/classes/test/com/my/playground/demo/MongoDB.class], file [/Users/akaminsk/pcf/playground/demo/build/classes/test/com/my/playground/demo/MongoInMemory$CustomerRepositoryConfiguration.class], file [/Users/akaminsk/pcf/playground/demo/build/classes/test/com/my/playground/demo/MongoInMemory.class], file [/Users/akaminsk/pcf/playground/demo/build/classes/test/com/my/playground/demo/MongoMock.class], file [/Users/akaminsk/pcf/playground/demo/build/classes/main/com/my/playground/demo/Application.class], file [/Users/akaminsk/pcf/playground/demo/build/classes/main/com/my/playground/demo/Customer.class], file [/Users/akaminsk/pcf/playground/demo/build/classes/main/com/my/playground/demo/CustomerRepository.class]]
13:17:09.808 [Test worker] DEBUG org.springframework.context.annotation.ClassPathScanningCandidateComponentProvider - Identified candidate component class: file [/Users/akaminsk/pcf/playground/demo/build/classes/main/com/my/playground/demo/Application.class]
13:17:09.809 [Test worker] INFO org.springframework.boot.test.context.SpringBootTestContextBootstrapper - Found @SpringBootConfiguration com.my.playground.demo.Application for test class com.my.playground.demo.MongoMock
13:17:09.811 [Test worker] DEBUG org.springframework.boot.test.context.SpringBootTestContextBootstrapper - @TestExecutionListeners is not present for class [com.my.playground.demo.MongoMock]: using defaults.
13:17:09.815 [Test worker] INFO org.springframework.boot.test.context.SpringBootTestContextBootstrapper - Loaded default TestExecutionListener class names from location [META-INF/spring.factories]: [org.springframework.boot.test.mock.mockito.MockitoTestExecutionListener, org.springframework.boot.test.mock.mockito.ResetMocksTestExecutionListener, org.springframework.boot.test.autoconfigure.restdocs.RestDocsTestExecutionListener, org.springframework.boot.test.autoconfigure.web.client.MockRestServiceServerResetTestExecutionListener, org.springframework.boot.test.autoconfigure.web.servlet.MockMvcPrintOnlyOnFailureTestExecutionListener, org.springframework.boot.test.autoconfigure.web.servlet.WebDriverTestExecutionListener, org.springframework.test.context.web.ServletTestExecutionListener, org.springframework.test.context.support.DirtiesContextBeforeModesTestExecutionListener, org.springframework.test.context.support.DependencyInjectionTestExecutionListener, org.springframework.test.context.support.DirtiesContextTestExecutionListener, org.springframework.test.context.transaction.TransactionalTestExecutionListener, org.springframework.test.context.jdbc.SqlScriptsTestExecutionListener]
13:17:09.825 [Test worker] INFO org.springframework.boot.test.context.SpringBootTestContextBootstrapper - Could not instantiate TestExecutionListener [org.springframework.test.context.web.ServletTestExecutionListener]. Specify custom listener classes or make the default listener classes (and their required dependencies) available. Offending class: [javax/servlet/ServletContext]
13:17:09.833 [Test worker] INFO org.springframework.boot.test.context.SpringBootTestContextBootstrapper - Using TestExecutionListeners: [org.springframework.test.context.support.DirtiesContextBeforeModesTestExecutionListener@ee1e419, org.springframework.boot.test.autoconfigure.SpringBootDependencyInjectionTestExecutionListener@535e9a2b, org.springframework.test.context.support.DirtiesContextTestExecutionListener@7e64e63e, org.springframework.test.context.transaction.TransactionalTestExecutionListener@783a1b5, org.springframework.test.context.jdbc.SqlScriptsTestExecutionListener@6435c70, org.springframework.boot.test.autoconfigure.web.servlet.WebDriverTestExecutionListener@21eb0151, org.springframework.boot.test.autoconfigure.web.client.MockRestServiceServerResetTestExecutionListener@78e75644, org.springframework.boot.test.mock.mockito.MockitoTestExecutionListener@62f3cee4, org.springframework.boot.test.autoconfigure.restdocs.RestDocsTestExecutionListener@7ecfbe16, org.springframework.boot.test.autoconfigure.web.servlet.MockMvcPrintOnlyOnFailureTestExecutionListener@7d7c917, org.springframework.boot.test.mock.mockito.ResetMocksTestExecutionListener@4540eadf]
13:17:09.835 [Test worker] DEBUG org.springframework.test.annotation.ProfileValueUtils - Retrieved @ProfileValueSourceConfiguration [null] for test class [com.my.playground.demo.MongoMock]
13:17:09.836 [Test worker] DEBUG org.springframework.test.annotation.ProfileValueUtils - Retrieved ProfileValueSource type [class org.springframework.test.annotation.SystemProfileValueSource] for class [com.my.playground.demo.MongoMock]
13:17:09.837 [Test worker] DEBUG org.springframework.test.annotation.ProfileValueUtils - Retrieved @ProfileValueSourceConfiguration [null] for test class [com.my.playground.demo.MongoMock]
13:17:09.837 [Test worker] DEBUG org.springframework.test.annotation.ProfileValueUtils - Retrieved ProfileValueSource type [class org.springframework.test.annotation.SystemProfileValueSource] for class [com.my.playground.demo.MongoMock]
13:17:09.841 [Test worker] DEBUG org.springframework.test.context.support.AbstractDirtiesContextTestExecutionListener - Before test class: context [DefaultTestContext@3bb6108d testClass = MongoMock, testInstance = [null], testMethod = [null], testException = [null], mergedContextConfiguration = [MergedContextConfiguration@4dcfcdfb testClass = MongoMock, locations = '{}', classes = '{class com.my.playground.demo.Application}', contextInitializerClasses = '[]', activeProfiles = '{}', propertySourceLocations = '{}', propertySourceProperties = '{org.springframework.boot.test.context.SpringBootTestContextBootstrapper=true}', contextCustomizers = set[org.springframework.boot.test.context.SpringBootTestContextCustomizer@1233362b, org.springframework.boot.test.context.filter.ExcludeFilterContextCustomizer@436bbefd, org.springframework.boot.test.json.DuplicateJsonObjectContextCustomizerFactory$DuplicateJsonObjectContextCustomizer@acf65a4, org.springframework.boot.test.mock.mockito.MockitoContextCustomizer@0, org.springframework.boot.test.autoconfigure.properties.PropertyMappingContextCustomizer@0, org.springframework.boot.test.autoconfigure.web.servlet.WebDriverContextCustomizerFactory$Customizer@46cf5454], contextLoader = 'org.springframework.boot.test.context.SpringBootContextLoader', parent = [null]]], class annotated with @DirtiesContext [false] with mode [null].
13:17:09.842 [Test worker] DEBUG org.springframework.test.annotation.ProfileValueUtils - Retrieved @ProfileValueSourceConfiguration [null] for test class [com.my.playground.demo.MongoMock]
13:17:09.842 [Test worker] DEBUG org.springframework.test.annotation.ProfileValueUtils - Retrieved ProfileValueSource type [class org.springframework.test.annotation.SystemProfileValueSource] for class [com.my.playground.demo.MongoMock]
13:17:09.843 [Test worker] DEBUG org.springframework.test.context.support.DependencyInjectionTestExecutionListener - Performing dependency injection for test context [[DefaultTestContext@3bb6108d testClass = MongoMock, testInstance = com.my.playground.demo.MongoMock@3ffef42, testMethod = [null], testException = [null], mergedContextConfiguration = [MergedContextConfiguration@4dcfcdfb testClass = MongoMock, locations = '{}', classes = '{class com.my.playground.demo.Application}', contextInitializerClasses = '[]', activeProfiles = '{}', propertySourceLocations = '{}', propertySourceProperties = '{org.springframework.boot.test.context.SpringBootTestContextBootstrapper=true}', contextCustomizers = set[org.springframework.boot.test.context.SpringBootTestContextCustomizer@1233362b, org.springframework.boot.test.context.filter.ExcludeFilterContextCustomizer@436bbefd, org.springframework.boot.test.json.DuplicateJsonObjectContextCustomizerFactory$DuplicateJsonObjectContextCustomizer@acf65a4, org.springframework.boot.test.mock.mockito.MockitoContextCustomizer@0, org.springframework.boot.test.autoconfigure.properties.PropertyMappingContextCustomizer@0, org.springframework.boot.test.autoconfigure.web.servlet.WebDriverContextCustomizerFactory$Customizer@46cf5454], contextLoader = 'org.springframework.boot.test.context.SpringBootContextLoader', parent = [null]]]].
13:17:09.901 [Test worker] DEBUG org.springframework.core.env.StandardEnvironment - Adding [systemProperties] PropertySource with lowest search precedence
13:17:09.901 [Test worker] DEBUG org.springframework.core.env.StandardEnvironment - Adding [systemEnvironment] PropertySource with lowest search precedence
13:17:09.902 [Test worker] DEBUG org.springframework.core.env.StandardEnvironment - Initialized StandardEnvironment with PropertySources [systemProperties,systemEnvironment]
13:17:09.904 [Test worker] DEBUG org.springframework.core.env.MutablePropertySources - Adding [inline] PropertySource with highest search precedence
13:17:09.907 [Test worker] DEBUG org.springframework.test.context.support.TestPropertySourceUtils - Adding inlined properties to environment: {spring.jmx.enabled=false, org.springframework.boot.test.context.SpringBootTestContextBootstrapper=true, server.port=-1}
13:17:09.908 [Test worker] DEBUG org.springframework.core.env.StandardEnvironment - Adding [Inlined Test Properties] PropertySource with highest search precedence

  .   ____          _            __ _ _
 /\\ / ___'_ __ _ _(_)_ __  __ _ \ \ \ \
( ( )\___ | '_ | '_| | '_ \/ _` | \ \ \ \
 \\/  ___)| |_)| | | | | || (_| |  ) ) ) )
  '  |____| .__|_| |_|_| |_\__, | / / / /
 =========|_|==============|___/=/_/_/_/
 :: Spring Boot ::        (v1.5.4.RELEASE)

2017-06-18 13:17:10.108  INFO 23761 --- [    Test worker] com.my.playground.demo.MongoMock         : Starting MongoMock on Drews-MBP with PID 23761 (started by akaminsk in /Users/akaminsk/pcf/playground/demo)
2017-06-18 13:17:10.109  INFO 23761 --- [    Test worker] com.my.playground.demo.MongoMock         : No active profile set, falling back to default profiles: default
2017-06-18 13:17:10.126  INFO 23761 --- [    Test worker] s.c.a.AnnotationConfigApplicationContext : Refreshing org.springframework.context.annotation.AnnotationConfigApplicationContext@7f92500c: startup date [Sun Jun 18 13:17:10 EDT 2017]; root of context hierarchy
2017-06-18 13:17:10.575  INFO 23761 --- [    Test worker] f.a.AutowiredAnnotationBeanPostProcessor : JSR-330 'javax.inject.Inject' annotation found and supported for autowiring
2017-06-18 13:17:10.680  INFO 23761 --- [    Test worker] org.mongodb.driver.cluster               : Cluster created with settings {hosts=[localhost:27017], mode=SINGLE, requiredClusterType=UNKNOWN, serverSelectionTimeout='30000 ms', maxWaitQueueSize=500}
2017-06-18 13:17:10.685  INFO 23761 --- [localhost:27017] org.mongodb.driver.connection            : Opened connection [connectionId{localValue:2, serverValue:36}] to localhost:27017
2017-06-18 13:17:10.686  INFO 23761 --- [localhost:27017] org.mongodb.driver.cluster               : Monitor thread successfully connected to server with description ServerDescription{address=localhost:27017, type=STANDALONE, state=CONNECTED, ok=true, version=ServerVersion{versionList=[3, 4, 4]}, minWireVersion=0, maxWireVersion=5, maxDocumentSize=16777216, roundTripTimeNanos=614434}
---- _   _    _____   _____    _   _  ----
----| | | |  |  _  | |_   _|  | | / | ----
----| \_/ |  | |_| |  _| |_   |  /| | ---
----|_| |_|  |_| |_| |_____|  |_| |_| ----
Customers found with findAll():
-------------------------------
2017-06-18 13:17:11.082  INFO 23761 --- [    Test worker] org.mongodb.driver.connection            : Opened connection [connectionId{localValue:3, serverValue:37}] to localhost:27017
Customer[databaseKey=5945657cee48c433a0a4ce36, firstName=Bob, lastName=Smith, address=4321 Drive St.]
Customer[databaseKey=5945666d2fec4b7d5fa713d3, firstName=Alice, lastName=Meyer, address=5161 My Street Dr.]

Customer found with findByFirstName('Alice'):
--------------------------------
[Customer[databaseKey=5945666d2fec4b7d5fa713d3, firstName=Alice, lastName=Meyer, address=5161 My Street Dr.]]

Customers found with findByLastName('Smithy'):
--------------------------------

2017-06-18 13:17:11.135  INFO 23761 --- [    Test worker] com.my.playground.demo.MongoMock         : Started MongoMock in 1.225 seconds (JVM running for 2.472)
]]></system-out>
  <system-err><![CDATA[]]></system-err>
</testsuite>
